[1209/093454.968:ERROR:process_reader_win.cc(242)] ReadMemory at 0x7ff6d7230000 of 64 bytes failed: Only part of a ReadProcessMemory or WriteProcessMemory request was completed. (0x12B)
[1209/093454.970:WARNING:pe_image_reader.cc(302)] could not read dos header from C:\Program Files (x86)\Google\Chrome\Application\chrome.exe
[1209/093454.970:ERROR:process_reader_win.cc(242)] ReadMemory at 0x7ff917270000 of 64 bytes failed: Only part of a ReadProcessMemory or WriteProcessMemory request was completed. (0x12B)
[1209/093454.971:WARNING:pe_image_reader.cc(302)] could not read dos header from C:\Windows\SYSTEM32\ntdll.dll
[1209/093454.971:ERROR:process_reader_win.cc(242)] ReadMemory at 0x7ff9168c0000 of 64 bytes failed: Only part of a ReadProcessMemory or WriteProcessMemory request was completed. (0x12B)
[1209/093454.971:WARNING:pe_image_reader.cc(302)] could not read dos header from C:\Windows\system32\KERNEL32.DLL
[1209/093454.971:ERROR:process_reader_win.cc(242)] ReadMemory at 0x7ff914770000 of 64 bytes failed: Only part of a ReadProcessMemory or WriteProcessMemory request was completed. (0x12B)
[1209/093454.971:WARNING:pe_image_reader.cc(302)] could not read dos header from C:\Windows\system32\KERNELBASE.dll
[1209/093454.971:ERROR:process_reader_win.cc(242)] ReadMemory at 0x7ff8f4ea0000 of 64 bytes failed: Only part of a ReadProcessMemory or WriteProcessMemory request was completed. (0x12B)
[1209/093454.971:WARNING:pe_image_reader.cc(302)] could not read dos header from C:\Program Files (x86)\Google\Chrome\Application\70.0.3538.77\chrome_elf.dll
[1209/093454.971:ERROR:process_reader_win.cc(242)] ReadMemory at 0x7ff9150c0000 of 64 bytes failed: Only part of a ReadProcessMemory or WriteProcessMemory request was completed. (0x12B)
[1209/093454.971:WARNING:pe_image_reader.cc(302)] could not read dos header from C:\Windows\system32\SHELL32.dll
[1209/093454.971:ERROR:process_reader_win.cc(242)] ReadMemory at 0x7ff9171c0000 of 64 bytes failed: Only part of a ReadProcessMemory or WriteProcessMemory request was completed. (0x12B)
[1209/093454.971:WARNING:pe_image_reader.cc(302)] could not read dos header from C:\Windows\system32\ADVAPI32.dll
[1209/093454.971:ERROR:process_reader_win.cc(242)] ReadMemory at 0x7ff9165f0000 of 64 bytes failed: Only part of a ReadProcessMemory or WriteProcessMemory request was completed. (0x12B)
[1209/093454.971:WARNING:pe_image_reader.cc(302)] could not read dos header from C:\Windows\system32\USER32.dll
[1209/093454.971:ERROR:process_reader_win.cc(242)] ReadMemory at 0x7ff90d0b0000 of 64 bytes failed: Only part of a ReadProcessMemory or WriteProcessMemory request was completed. (0x12B)
[1209/093454.971:WARNING:pe_image_reader.cc(302)] could not read dos header from C:\Windows\SYSTEM32\VERSION.dll
[1209/093454.971:ERROR:process_reader_win.cc(242)] ReadMemory at 0x7ff903750000 of 64 bytes failed: Only part of a ReadProcessMemory or WriteProcessMemory request was completed. (0x12B)
[1209/093454.971:WARNING:pe_image_reader.cc(302)] could not read dos header from C:\Windows\SYSTEM32\WINMM.dll
[1209/093454.972:ERROR:process_reader_win.cc(242)] ReadMemory at 0x7ff913cc0000 of 64 bytes failed: Only part of a ReadProcessMemory or WriteProcessMemory request was completed. (0x12B)
[1209/093454.972:WARNING:pe_image_reader.cc(302)] could not read dos header from C:\Windows\SYSTEM32\USERENV.dll
[1209/093454.972:ERROR:process_reader_win.cc(242)] ReadMemory at 0x7ff914eb0000 of 64 bytes failed: Only part of a ReadProcessMemory or WriteProcessMemory request was completed. (0x12B)
[1209/093454.972:WARNING:pe_image_reader.cc(302)] could not read dos header from C:\Windows\system32\PSAPI.DLL
[1209/093454.972:ERROR:process_reader_win.cc(242)] ReadMemory at 0x7ff914a90000 of 64 bytes failed: Only part of a ReadProcessMemory or WriteProcessMemory request was completed. (0x12B)
[1209/093454.972:WARNING:pe_image_reader.cc(302)] could not read dos header from C:\Windows\system32\SHLWAPI.dll
[1209/093454.972:ERROR:process_reader_win.cc(242)] ReadMemory at 0x7ff917110000 of 64 bytes failed: Only part of a ReadProcessMemory or WriteProcessMemory request was completed. (0x12B)
[1209/093454.972:WARNING:pe_image_reader.cc(302)] could not read dos header from C:\Windows\system32\msvcrt.dll
[1209/093454.972:ERROR:process_reader_win.cc(242)] ReadMemory at 0x7ff914c90000 of 64 bytes failed: Only part of a ReadProcessMemory or WriteProcessMemory request was completed. (0x12B)
[1209/093454.972:WARNING:pe_image_reader.cc(302)] could not read dos header from C:\Windows\SYSTEM32\combase.dll
[1209/093454.972:ERROR:process_reader_win.cc(242)] ReadMemory at 0x57a1450000 of 64 bytes failed: Only part of a ReadProcessMemory or WriteProcessMemory request was completed. (0x12B)
[1209/093454.972:WARNING:pe_image_reader.cc(302)] could not read dos header from C:\Windows\system32\GDI32.dll
[1209/093454.972:ERROR:process_reader_win.cc(242)] ReadMemory at 0x7ff914a30000 of 64 bytes failed: Only part of a ReadProcessMemory or WriteProcessMemory request was completed. (0x12B)
[1209/093454.972:WARNING:pe_image_reader.cc(302)] could not read dos header from C:\Windows\SYSTEM32\sechost.dll
[1209/093454.972:ERROR:process_reader_win.cc(242)] ReadMemory at 0x7ff914f80000 of 64 bytes failed: Only part of a ReadProcessMemory or WriteProcessMemory request was completed. (0x12B)
[1209/093454.972:WARNING:pe_image_reader.cc(302)] could not read dos header from C:\Windows\system32\RPCRT4.dll
[1209/093454.972:ERROR:process_reader_win.cc(242)] ReadMemory at 0x7ff903720000 of 64 bytes failed: Only part of a ReadProcessMemory or WriteProcessMemory request was completed. (0x12B)
[1209/093454.972:WARNING:pe_image_reader.cc(302)] could not read dos header from C:\Windows\SYSTEM32\WINMMBASE.dll
[1209/093454.972:ERROR:process_reader_win.cc(242)] ReadMemory at 0x7ff914390000 of 64 bytes failed: Only part of a ReadProcessMemory or WriteProcessMemory request was completed. (0x12B)
[1209/093454.972:WARNING:pe_image_reader.cc(302)] could not read dos header from C:\Windows\SYSTEM32\profapi.dll
[1209/093454.972:ERROR:process_reader_win.cc(242)] ReadMemory at 0x7ff9144b0000 of 64 bytes failed: Only part of a ReadProcessMemory or WriteProcessMemory request was completed. (0x12B)
[1209/093454.973:WARNING:pe_image_reader.cc(302)] could not read dos header from C:\Windows\system32\SspiCli.dll
[1209/093454.973:ERROR:process_reader_win.cc(242)] ReadMemory at 0x7ff914460000 of 64 bytes failed: Only part of a ReadProcessMemory or WriteProcessMemory request was completed. (0x12B)
[1209/093454.973:WARNING:pe_image_reader.cc(302)] could not read dos header from C:\Windows\SYSTEM32\cfgmgr32.dll
[1209/093454.973:ERROR:process_reader_win.cc(242)] ReadMemory at 0x7ff9131a0000 of 64 bytes failed: Only part of a ReadProcessMemory or WriteProcessMemory request was completed. (0x12B)
[1209/093454.973:WARNING:pe_image_reader.cc(302)] could not read dos header from C:\Windows\SYSTEM32\DEVOBJ.dll
[1209/093454.973:ERROR:process_reader_win.cc(242)] ReadMemory at 0x7ff914200000 of 64 bytes failed: Only part of a ReadProcessMemory or WriteProcessMemory request was completed. (0x12B)
[1209/093454.973:WARNING:pe_image_reader.cc(302)] could not read dos header from C:\Windows\SYSTEM32\CRYPTBASE.DLL
[1209/093454.973:ERROR:process_reader_win.cc(242)] ReadMemory at 0x7ff914190000 of 64 bytes failed: Only part of a ReadProcessMemory or WriteProcessMemory request was completed. (0x12B)
[1209/093454.973:WARNING:pe_image_reader.cc(302)] could not read dos header from C:\Windows\SYSTEM32\bcryptPrimitives.dll
[1209/093454.973:ERROR:process_reader_win.cc(242)] ReadMemory at 0x7ff9170b0000 of 64 bytes failed: Only part of a ReadProcessMemory or WriteProcessMemory request was completed. (0x12B)
[1209/093454.973:WARNING:pe_image_reader.cc(302)] could not read dos header from C:\Windows\system32\IMM32.DLL
[1209/093454.973:ERROR:process_reader_win.cc(242)] ReadMemory at 0x7ff916bc0000 of 64 bytes failed: Only part of a ReadProcessMemory or WriteProcessMemory request was completed. (0x12B)
[1209/093454.973:WARNING:pe_image_reader.cc(302)] could not read dos header from C:\Windows\system32\MSCTF.dll
[1209/093454.973:ERROR:process_reader_win.cc(242)] ReadMemory at 0x7ff912c70000 of 64 bytes failed: Only part of a ReadProcessMemory or WriteProcessMemory request was completed. (0x12B)
[1209/093454.973:WARNING:pe_image_reader.cc(302)] could not read dos header from C:\Windows\SYSTEM32\shcore.dll
[1209/093454.973:ERROR:process_reader_win.cc(242)] ReadMemory at 0x7ff8df8f0000 of 64 bytes failed: Only part of a ReadProcessMemory or WriteProcessMemory request was completed. (0x12B)
[1209/093454.973:WARNING:pe_image_reader.cc(302)] could not read dos header from C:\Program Files (x86)\Google\Chrome\Application\70.0.3538.77\chrome_child.dll
[1209/093454.973:ERROR:process_reader_win.cc(242)] ReadMemory at 0x7ff914950000 of 64 bytes failed: Only part of a ReadProcessMemory or WriteProcessMemory request was completed. (0x12B)
[1209/093454.973:WARNING:pe_image_reader.cc(302)] could not read dos header from C:\Windows\system32\WS2_32.dll
[1209/093454.973:ERROR:process_reader_win.cc(242)] ReadMemory at 0x7ff910b70000 of 64 bytes failed: Only part of a ReadProcessMemory or WriteProcessMemory request was completed. (0x12B)
[1209/093454.973:WARNING:pe_image_reader.cc(302)] could not read dos header from C:\Windows\SYSTEM32\IPHLPAPI.DLL
[1209/093454.973:ERROR:process_reader_win.cc(242)] ReadMemory at 0x7ff916d30000 of 64 bytes failed: Only part of a ReadProcessMemory or WriteProcessMemory request was completed. (0x12B)
[1209/093454.973:WARNING:pe_image_reader.cc(302)] could not read dos header from C:\Windows\system32\ole32.dll
[1209/093454.974:ERROR:process_reader_win.cc(242)] ReadMemory at 0x7ff8fdb40000 of 64 bytes failed: Only part of a ReadProcessMemory or WriteProcessMemory request was completed. (0x12B)
[1209/093454.974:WARNING:pe_image_reader.cc(302)] could not read dos header from C:\Windows\SYSTEM32\msdmo.dll
[1209/093454.974:ERROR:process_reader_win.cc(242)] ReadMemory at 0x7ff914b00000 of 64 bytes failed: Only part of a ReadProcessMemory or WriteProcessMemory request was completed. (0x12B)
[1209/093454.974:WARNING:pe_image_reader.cc(302)] could not read dos header from C:\Windows\system32\OLEAUT32.dll
[1209/093454.974:ERROR:process_reader_win.cc(242)] ReadMemory at 0x7ff914890000 of 64 bytes failed: Only part of a ReadProcessMemory or WriteProcessMemory request was completed. (0x12B)
[1209/093454.974:WARNING:pe_image_reader.cc(302)] could not read dos header from C:\Windows\system32\WINTRUST.dll
[1209/093454.974:ERROR:process_reader_win.cc(242)] ReadMemory at 0x7ff914bd0000 of 64 bytes failed: Only part of a ReadProcessMemory or WriteProcessMemory request was completed. (0x12B)
[1209/093454.974:WARNING:pe_image_reader.cc(302)] could not read dos header from C:\Windows\system32\COMDLG32.dll
[1209/093454.974:ERROR:process_reader_win.cc(242)] ReadMemory at 0x7ff910f60000 of 64 bytes failed: Only part of a ReadProcessMemory or WriteProcessMemory request was completed. (0x12B)
[1209/093454.974:WARNING:pe_image_reader.cc(302)] could not read dos header from C:\Windows\SYSTEM32\DWrite.dll
[1209/093454.974:ERROR:process_reader_win.cc(242)] ReadMemory at 0x7ff8fba60000 of 64 bytes failed: Only part of a ReadProcessMemory or WriteProcessMemory request was completed. (0x12B)
[1209/093454.974:WARNING:pe_image_reader.cc(302)] could not read dos header from C:\Windows\SYSTEM32\WINSPOOL.DRV
[1209/093454.974:ERROR:process_reader_win.cc(242)] ReadMemory at 0x7ff8fef60000 of 64 bytes failed: Only part of a ReadProcessMemory or WriteProcessMemory request was completed. (0x12B)
[1209/093454.974:WARNING:pe_image_reader.cc(302)] could not read dos header from C:\Windows\SYSTEM32\dbghelp.dll
[1209/093454.974:ERROR:process_reader_win.cc(242)] ReadMemory at 0x7ff8fdb20000 of 64 bytes failed: Only part of a ReadProcessMemory or WriteProcessMemory request was completed. (0x12B)
[1209/093454.974:WARNING:pe_image_reader.cc(302)] could not read dos header from C:\Windows\SYSTEM32\USP10.dll
[1209/093454.974:ERROR:process_reader_win.cc(242)] ReadMemory at 0x7ff911700000 of 64 bytes failed: Only part of a ReadProcessMemory or WriteProcessMemory request was completed. (0x12B)
[1209/093454.974:WARNING:pe_image_reader.cc(302)] could not read dos header from C:\Windows\SYSTEM32\dxgi.dll
[1209/093454.974:ERROR:process_reader_win.cc(242)] ReadMemory at 0x7ff9144e0000 of 64 bytes failed: Only part of a ReadProcessMemory or WriteProcessMemory request was completed. (0x12B)
[1209/093454.974:WARNING:pe_image_reader.cc(302)] could not read dos header from C:\Windows\system32\CRYPT32.dll
[1209/093454.974:ERROR:process_reader_win.cc(242)] ReadMemory at 0x7ff90eec0000 of 64 bytes failed: Only part of a ReadProcessMemory or WriteProcessMemory request was completed. (0x12B)
[1209/093454.974:WARNING:pe_image_reader.cc(302)] could not read dos header from C:\Windows\SYSTEM32\urlmon.dll
[1209/093454.974:ERROR:process_reader_win.cc(242)] ReadMemory at 0x7ff9119e0000 of 64 bytes failed: Only part of a ReadProcessMemory or WriteProcessMemory request was completed. (0x12B)
[1209/093454.974:WARNING:pe_image_reader.cc(302)] could not read dos header from C:\Windows\SYSTEM32\Secur32.dll
[1209/093454.974:ERROR:process_reader_win.cc(242)] ReadMemory at 0x7ff90d860000 of 64 bytes failed: Only part of a ReadProcessMemory or WriteProcessMemory request was completed. (0x12B)
[1209/093454.974:WARNING:pe_image_reader.cc(302)] could not read dos header from C:\Windows\SYSTEM32\WINHTTP.dll
[1209/093454.975:ERROR:process_reader_win.cc(242)] ReadMemory at 0x7ff9109e0000 of 64 bytes failed: Only part of a ReadProcessMemory or WriteProcessMemory request was completed. (0x12B)
[1209/093454.975:WARNING:pe_image_reader.cc(302)] could not read dos header from C:\Windows\SYSTEM32\dhcpcsvc.DLL
[1209/093454.975:ERROR:process_reader_win.cc(242)] ReadMemory at 0x7ff914af0000 of 64 bytes failed: Only part of a ReadProcessMemory or WriteProcessMemory request was completed. (0x12B)
[1209/093454.975:WARNING:pe_image_reader.cc(302)] could not read dos header from C:\Windows\system32\NSI.dll
[1209/093454.975:ERROR:process_reader_win.cc(242)] ReadMemory at 0x7ff910b50000 of 64 bytes failed: Only part of a ReadProcessMemory or WriteProcessMemory request was completed. (0x12B)
[1209/093454.975:WARNING:pe_image_reader.cc(302)] could not read dos header from C:\Windows\SYSTEM32\WINNSI.DLL
[1209/093454.975:ERROR:process_reader_win.cc(242)] ReadMemory at 0x7ff914440000 of 64 bytes failed: Only part of a ReadProcessMemory or WriteProcessMemory request was completed. (0x12B)
[1209/093454.975:WARNING:pe_image_reader.cc(302)] could not read dos header from C:\Windows\system32\MSASN1.dll
[1209/093454.975:ERROR:process_reader_win.cc(242)] ReadMemory at 0x7ff9125b0000 of 64 bytes failed: Only part of a ReadProcessMemory or WriteProcessMemory request was completed. (0x12B)
[1209/093454.975:WARNING:pe_image_reader.cc(302)] could not read dos header from C:\Windows\WinSxS\amd64_microsoft.windows.common-controls_6595b64144ccf1df_6.0.9600.18006_none_623f33d3ecbe86e8\COMCTL32.dll
[1209/093454.975:ERROR:process_reader_win.cc(242)] ReadMemory at 0x7ff90ebd0000 of 64 bytes failed: Only part of a ReadProcessMemory or WriteProcessMemory request was completed. (0x12B)
[1209/093454.975:WARNING:pe_image_reader.cc(302)] could not read dos header from C:\Windows\SYSTEM32\iertutil.dll
[1209/093454.975:ERROR:process_reader_win.cc(242)] ReadMemory at 0x7ff90e8a0000 of 64 bytes failed: Only part of a ReadProcessMemory or WriteProcessMemory request was completed. (0x12B)
[1209/093454.975:WARNING:pe_image_reader.cc(302)] could not read dos header from C:\Windows\SYSTEM32\WININET.dll
[1209/093455.007:ERROR:process_reader_win.cc(242)] ReadMemory at 0x57a1215000 of 45056 bytes failed: Only part of a ReadProcessMemory or WriteProcessMemory request was completed. (0x12B)
[1209/093455.007:ERROR:process_reader_win.cc(242)] ReadMemory at 0x57a38ae000 of 8192 bytes failed: Only part of a ReadProcessMemory or WriteProcessMemory request was completed. (0x12B)
[1209/093455.007:ERROR:process_reader_win.cc(242)] ReadMemory at 0x57a3aad000 of 12288 bytes failed: Only part of a ReadProcessMemory or WriteProcessMemory request was completed. (0x12B)
[1209/093455.007:ERROR:process_reader_win.cc(242)] ReadMemory at 0x57a3cad000 of 12288 bytes failed: Only part of a ReadProcessMemory or WriteProcessMemory request was completed. (0x12B)
[1209/093455.008:ERROR:process_reader_win.cc(242)] ReadMemory at 0x57a3eae000 of 8192 bytes failed: Only part of a ReadProcessMemory or WriteProcessMemory request was completed. (0x12B)
[1209/093455.008:ERROR:process_reader_win.cc(242)] ReadMemory at 0x57a40ae000 of 8192 bytes failed: Only part of a ReadProcessMemory or WriteProcessMemory request was completed. (0x12B)
[1209/093455.008:ERROR:process_reader_win.cc(242)] ReadMemory at 0x57a42ad000 of 12288 bytes failed: Only part of a ReadProcessMemory or WriteProcessMemory request was completed. (0x12B)
[1209/093455.008:ERROR:process_reader_win.cc(242)] ReadMemory at 0x57a44ae000 of 8192 bytes failed: Only part of a ReadProcessMemory or WriteProcessMemory request was completed. (0x12B)
[1209/093455.008:ERROR:process_reader_win.cc(242)] ReadMemory at 0x57a46ae000 of 8192 bytes failed: Only part of a ReadProcessMemory or WriteProcessMemory request was completed. (0x12B)
[1209/093455.008:ERROR:process_reader_win.cc(242)] ReadMemory at 0x57a4aad000 of 12288 bytes failed: Only part of a ReadProcessMemory or WriteProcessMemory request was completed. (0x12B)
[1209/093455.008:ERROR:process_reader_win.cc(242)] ReadMemory at 0x57a4cae000 of 8192 bytes failed: Only part of a ReadProcessMemory or WriteProcessMemory request was completed. (0x12B)
[1209/093455.008:ERROR:process_reader_win.cc(242)] ReadMemory at 0x57a50ae000 of 8192 bytes failed: Only part of a ReadProcessMemory or WriteProcessMemory request was completed. (0x12B)
[1209/093455.008:ERROR:process_reader_win.cc(242)] ReadMemory at 0x57a52ae000 of 8192 bytes failed: Only part of a ReadProcessMemory or WriteProcessMemory request was completed. (0x12B)
[1209/093455.009:ERROR:process_reader_win.cc(242)] ReadMemory at 0x57a563e000 of 8192 bytes failed: Only part of a ReadProcessMemory or WriteProcessMemory request was completed. (0x12B)
[1209/093455.009:ERROR:process_reader_win.cc(242)] ReadMemory at 0x57a5cbe000 of 8192 bytes failed: Only part of a ReadProcessMemory or WriteProcessMemory request was completed. (0x12B)
[1209/093455.009:ERROR:process_reader_win.cc(242)] ReadMemory at 0x57a5ebd000 of 12288 bytes failed: Only part of a ReadProcessMemory or WriteProcessMemory request was completed. (0x12B)
[1209/093455.009:ERROR:process_reader_win.cc(242)] ReadMemory at 0x57a1350070 of 512 bytes failed: Only part of a ReadProcessMemory or WriteProcessMemory request was completed. (0x12B)
[1209/093455.009:ERROR:process_reader_win.cc(242)] ReadMemory at 0x57a13507e0 of 58 bytes failed: Only part of a ReadProcessMemory or WriteProcessMemory request was completed. (0x12B)
[1209/093455.009:ERROR:process_reader_win.cc(242)] ReadMemory at 0x57a1350860 of 6140 bytes failed: Only part of a ReadProcessMemory or WriteProcessMemory request was completed. (0x12B)
[1209/093455.009:ERROR:process_reader_win.cc(242)] ReadMemory at 0x57a1352070 of 1012 bytes failed: Only part of a ReadProcessMemory or WriteProcessMemory request was completed. (0x12B)
[1209/093455.009:ERROR:process_reader_win.cc(242)] ReadMemory at 0x57a1352688 of 118 bytes failed: Only part of a ReadProcessMemory or WriteProcessMemory request was completed. (0x12B)
[1209/093455.010:ERROR:process_reader_win.cc(242)] ReadMemory at 0x57a1352700 of 1422 bytes failed: Only part of a ReadProcessMemory or WriteProcessMemory request was completed. (0x12B)
[1209/093455.010:ERROR:process_reader_win.cc(242)] ReadMemory at 0x57a1352c90 of 118 bytes failed: Only part of a ReadProcessMemory or WriteProcessMemory request was completed. (0x12B)
[1209/093455.010:ERROR:process_reader_win.cc(242)] ReadMemory at 0x57a1352d08 of 96 bytes failed: Only part of a ReadProcessMemory or WriteProcessMemory request was completed. (0x12B)
[1209/093455.010:ERROR:process_reader_win.cc(242)] ReadMemory at 0x57a1352d80 of 58 bytes failed: Only part of a ReadProcessMemory or WriteProcessMemory request was completed. (0x12B)
[1209/093455.010:ERROR:process_reader_win.cc(242)] ReadMemory at 0x57a1352e80 of 132 bytes failed: Only part of a ReadProcessMemory or WriteProcessMemory request was completed. (0x12B)
[1209/093455.010:ERROR:process_reader_win.cc(242)] ReadMemory at 0x57a1353000 of 132 bytes failed: Only part of a ReadProcessMemory or WriteProcessMemory request was completed. (0x12B)
[1209/093455.010:ERROR:process_reader_win.cc(242)] ReadMemory at 0x57a1353210 of 124 bytes failed: Only part of a ReadProcessMemory or WriteProcessMemory request was completed. (0x12B)
[1209/093455.010:ERROR:process_reader_win.cc(242)] ReadMemory at 0x57a1353500 of 64 bytes failed: Only part of a ReadProcessMemory or WriteProcessMemory request was completed. (0x12B)
[1209/093455.010:ERROR:process_reader_win.cc(242)] ReadMemory at 0x57a1353550 of 132 bytes failed: Only part of a ReadProcessMemory or WriteProcessMemory request was completed. (0x12B)
[1209/093455.010:ERROR:process_reader_win.cc(242)] ReadMemory at 0x57a13538c0 of 68 bytes failed: Only part of a ReadProcessMemory or WriteProcessMemory request was completed. (0x12B)
[1209/093455.010:ERROR:process_reader_win.cc(242)] ReadMemory at 0x57a1353910 of 132 bytes failed: Only part of a ReadProcessMemory or WriteProcessMemory request was completed. (0x12B)
[1209/093455.011:ERROR:process_reader_win.cc(242)] ReadMemory at 0x57a13547b0 of 152 bytes failed: Only part of a ReadProcessMemory or WriteProcessMemory request was completed. (0x12B)
[1209/093455.011:ERROR:process_reader_win.cc(242)] ReadMemory at 0x57a1354860 of 132 bytes failed: Only part of a ReadProcessMemory or WriteProcessMemory request was completed. (0x12B)
[1209/093455.011:ERROR:process_reader_win.cc(242)] ReadMemory at 0x57a1354980 of 62 bytes failed: Only part of a ReadProcessMemory or WriteProcessMemory request was completed. (0x12B)
[1209/093455.011:ERROR:process_reader_win.cc(242)] ReadMemory at 0x57a13549d0 of 132 bytes failed: Only part of a ReadProcessMemory or WriteProcessMemory request was completed. (0x12B)
[1209/093455.011:ERROR:process_reader_win.cc(242)] ReadMemory at 0x57a1354be0 of 64 bytes failed: Only part of a ReadProcessMemory or WriteProcessMemory request was completed. (0x12B)
[1209/093455.011:ERROR:process_reader_win.cc(242)] ReadMemory at 0x57a1354c30 of 132 bytes failed: Only part of a ReadProcessMemory or WriteProcessMemory request was completed. (0x12B)
[1209/093455.011:ERROR:process_reader_win.cc(242)] ReadMemory at 0x57a1354e40 of 60 bytes failed: Only part of a ReadProcessMemory or WriteProcessMemory request was completed. (0x12B)
[1209/093455.011:ERROR:process_reader_win.cc(242)] ReadMemory at 0x57a1354e90 of 132 bytes failed: Only part of a ReadProcessMemory or WriteProcessMemory request was completed. (0x12B)
[1209/093455.011:ERROR:process_reader_win.cc(242)] ReadMemory at 0x57a1357d40 of 132 bytes failed: Only part of a ReadProcessMemory or WriteProcessMemory request was completed. (0x12B)
[1209/093455.011:ERROR:process_reader_win.cc(242)] ReadMemory at 0x57a1357ec0 of 58 bytes failed: Only part of a ReadProcessMemory or WriteProcessMemory request was completed. (0x12B)
[1209/093455.012:ERROR:process_reader_win.cc(242)] ReadMemory at 0x57a1357f40 of 62 bytes failed: Only part of a ReadProcessMemory or WriteProcessMemory request was completed. (0x12B)
[1209/093455.012:ERROR:process_reader_win.cc(242)] ReadMemory at 0x57a1358b00 of 62 bytes failed: Only part of a ReadProcessMemory or WriteProcessMemory request was completed. (0x12B)
[1209/093455.012:ERROR:process_reader_win.cc(242)] ReadMemory at 0x57a1358b50 of 132 bytes failed: Only part of a ReadProcessMemory or WriteProcessMemory request was completed. (0x12B)
[1209/093455.012:ERROR:process_reader_win.cc(242)] ReadMemory at 0x57a1359070 of 62 bytes failed: Only part of a ReadProcessMemory or WriteProcessMemory request was completed. (0x12B)
[1209/093455.012:ERROR:process_reader_win.cc(242)] ReadMemory at 0x57a13590c0 of 132 bytes failed: Only part of a ReadProcessMemory or WriteProcessMemory request was completed. (0x12B)
[1209/093455.012:ERROR:process_reader_win.cc(242)] ReadMemory at 0x57a13591e0 of 132 bytes failed: Only part of a ReadProcessMemory or WriteProcessMemory request was completed. (0x12B)
[1209/093455.012:ERROR:process_reader_win.cc(242)] ReadMemory at 0x57a1359300 of 132 bytes failed: Only part of a ReadProcessMemory or WriteProcessMemory request was completed. (0x12B)
[1209/093455.012:ERROR:process_reader_win.cc(242)] ReadMemory at 0x57a1359ac0 of 62 bytes failed: Only part of a ReadProcessMemory or WriteProcessMemory request was completed. (0x12B)
[1209/093455.012:ERROR:process_reader_win.cc(242)] ReadMemory at 0x57a1359b10 of 58 bytes failed: Only part of a ReadProcessMemory or WriteProcessMemory request was completed. (0x12B)
[1209/093455.012:ERROR:process_reader_win.cc(242)] ReadMemory at 0x57a1359b60 of 64 bytes failed: Only part of a ReadProcessMemory or WriteProcessMemory request was completed. (0x12B)
[1209/093455.012:ERROR:process_reader_win.cc(242)] ReadMemory at 0x57a1359bb0 of 58 bytes failed: Only part of a ReadProcessMemory or WriteProcessMemory request was completed. (0x12B)
[1209/093455.012:ERROR:process_reader_win.cc(242)] ReadMemory at 0x57a1359d40 of 62 bytes failed: Only part of a ReadProcessMemory or WriteProcessMemory request was completed. (0x12B)
[1209/093455.012:ERROR:process_reader_win.cc(242)] ReadMemory at 0x57a1359de0 of 60 bytes failed: Only part of a ReadProcessMemory or WriteProcessMemory request was completed. (0x12B)
[1209/093455.012:ERROR:process_reader_win.cc(242)] ReadMemory at 0x57a1359e80 of 60 bytes failed: Only part of a ReadProcessMemory or WriteProcessMemory request was completed. (0x12B)
[1209/093455.013:ERROR:process_reader_win.cc(242)] ReadMemory at 0x57a1359ed0 of 66 bytes failed: Only part of a ReadProcessMemory or WriteProcessMemory request was completed. (0x12B)
[1209/093455.013:ERROR:process_reader_win.cc(242)] ReadMemory at 0x57a1359fc0 of 62 bytes failed: Only part of a ReadProcessMemory or WriteProcessMemory request was completed. (0x12B)
[1209/093455.013:ERROR:process_reader_win.cc(242)] ReadMemory at 0x57a135a010 of 60 bytes failed: Only part of a ReadProcessMemory or WriteProcessMemory request was completed. (0x12B)
[1209/093455.013:ERROR:process_reader_win.cc(242)] ReadMemory at 0x57a135a060 of 62 bytes failed: Only part of a ReadProcessMemory or WriteProcessMemory request was completed. (0x12B)
[1209/093455.013:ERROR:process_reader_win.cc(242)] ReadMemory at 0x57a135a1a0 of 58 bytes failed: Only part of a ReadProcessMemory or WriteProcessMemory request was completed. (0x12B)
[1209/093455.013:ERROR:process_reader_win.cc(242)] ReadMemory at 0x57a135a1f0 of 66 bytes failed: Only part of a ReadProcessMemory or WriteProcessMemory request was completed. (0x12B)
[1209/093455.013:ERROR:process_reader_win.cc(242)] ReadMemory at 0x57a135a790 of 132 bytes failed: Only part of a ReadProcessMemory or WriteProcessMemory request was completed. (0x12B)
[1209/093455.013:ERROR:process_reader_win.cc(242)] ReadMemory at 0x57a135a8b0 of 132 bytes failed: Only part of a ReadProcessMemory or WriteProcessMemory request was completed. (0x12B)
[1209/093455.014:ERROR:process_reader_win.cc(242)] ReadMemory at 0x57a135aa00 of 132 bytes failed: Only part of a ReadProcessMemory or WriteProcessMemory request was completed. (0x12B)
[1209/093455.014:ERROR:process_reader_win.cc(242)] ReadMemory at 0x57a135af70 of 54 bytes failed: Only part of a ReadProcessMemory or WriteProcessMemory request was completed. (0x12B)
[1209/093455.014:ERROR:process_reader_win.cc(242)] ReadMemory at 0x57a135aff0 of 132 bytes failed: Only part of a ReadProcessMemory or WriteProcessMemory request was completed. (0x12B)
[1209/093455.014:ERROR:process_reader_win.cc(242)] ReadMemory at 0x57a135b160 of 132 bytes failed: Only part of a ReadProcessMemory or WriteProcessMemory request was completed. (0x12B)
[1209/093455.014:ERROR:process_reader_win.cc(242)] ReadMemory at 0x57a135b280 of 132 bytes failed: Only part of a ReadProcessMemory or WriteProcessMemory request was completed. (0x12B)
[1209/093455.014:ERROR:process_reader_win.cc(242)] ReadMemory at 0x57a135b3a0 of 132 bytes failed: Only part of a ReadProcessMemory or WriteProcessMemory request was completed. (0x12B)
[1209/093455.014:ERROR:process_reader_win.cc(242)] ReadMemory at 0x57a135b4c0 of 132 bytes failed: Only part of a ReadProcessMemory or WriteProcessMemory request was completed. (0x12B)
[1209/093455.014:ERROR:process_reader_win.cc(242)] ReadMemory at 0x57a135b5e0 of 132 bytes failed: Only part of a ReadProcessMemory or WriteProcessMemory request was completed. (0x12B)
[1209/093455.015:ERROR:process_reader_win.cc(242)] ReadMemory at 0x57a135b700 of 132 bytes failed: Only part of a ReadProcessMemory or WriteProcessMemory request was completed. (0x12B)
[1209/093455.015:ERROR:process_reader_win.cc(242)] ReadMemory at 0x57a135b820 of 132 bytes failed: Only part of a ReadProcessMemory or WriteProcessMemory request was completed. (0x12B)
[1209/093455.015:ERROR:process_reader_win.cc(242)] ReadMemory at 0x57a135b940 of 132 bytes failed: Only part of a ReadProcessMemory or WriteProcessMemory request was completed. (0x12B)
[1209/093455.015:ERROR:process_reader_win.cc(242)] ReadMemory at 0x57a135ba60 of 132 bytes failed: Only part of a ReadProcessMemory or WriteProcessMemory request was completed. (0x12B)
[1209/093455.015:ERROR:process_reader_win.cc(242)] ReadMemory at 0x57a135bb80 of 132 bytes failed: Only part of a ReadProcessMemory or WriteProcessMemory request was completed. (0x12B)
[1209/093455.015:ERROR:process_reader_win.cc(242)] ReadMemory at 0x57a135bca0 of 132 bytes failed: Only part of a ReadProcessMemory or WriteProcessMemory request was completed. (0x12B)
[1209/093455.015:ERROR:process_reader_win.cc(242)] ReadMemory at 0x57a135bdc0 of 132 bytes failed: Only part of a ReadProcessMemory or WriteProcessMemory request was completed. (0x12B)
[1209/093455.015:ERROR:process_reader_win.cc(242)] ReadMemory at 0x57a135bee0 of 132 bytes failed: Only part of a ReadProcessMemory or WriteProcessMemory request was completed. (0x12B)
[1209/093455.016:ERROR:process_reader_win.cc(242)] ReadMemory at 0x57a135cb20 of 80 bytes failed: Only part of a ReadProcessMemory or WriteProcessMemory request was completed. (0x12B)
[1209/093455.016:ERROR:process_reader_win.cc(242)] ReadMemory at 0x57a135d360 of 156 bytes failed: Only part of a ReadProcessMemory or WriteProcessMemory request was completed. (0x12B)
[1209/093455.016:ERROR:process_reader_win.cc(242)] ReadMemory at 0x57a135fdc0 of 64 bytes failed: Only part of a ReadProcessMemory or WriteProcessMemory request was completed. (0x12B)
[1209/093455.016:ERROR:process_reader_win.cc(242)] ReadMemory at 0x57a135fe10 of 62 bytes failed: Only part of a ReadProcessMemory or WriteProcessMemory request was completed. (0x12B)
[1209/093455.016:ERROR:process_reader_win.cc(242)] ReadMemory at 0x57a135feb0 of 64 bytes failed: Only part of a ReadProcessMemory or WriteProcessMemory request was completed. (0x12B)
[1209/093455.016:ERROR:process_reader_win.cc(242)] ReadMemory at 0x57a135fff0 of 64 bytes failed: Only part of a ReadProcessMemory or WriteProcessMemory request was completed. (0x12B)
[1209/093455.016:ERROR:process_reader_win.cc(242)] ReadMemory at 0x57a1360040 of 62 bytes failed: Only part of a ReadProcessMemory or WriteProcessMemory request was completed. (0x12B)
[1209/093455.016:ERROR:process_reader_win.cc(242)] ReadMemory at 0x57a13600e0 of 56 bytes failed: Only part of a ReadProcessMemory or WriteProcessMemory request was completed. (0x12B)
[1209/093455.017:ERROR:process_reader_win.cc(242)] ReadMemory at 0x57a13604a0 of 64 bytes failed: Only part of a ReadProcessMemory or WriteProcessMemory request was completed. (0x12B)
[1209/093455.017:ERROR:process_reader_win.cc(242)] ReadMemory at 0x57a1360540 of 62 bytes failed: Only part of a ReadProcessMemory or WriteProcessMemory request was completed. (0x12B)
[1209/093455.017:ERROR:process_reader_win.cc(242)] ReadMemory at 0x57a1360590 of 60 bytes failed: Only part of a ReadProcessMemory or WriteProcessMemory request was completed. (0x12B)
[1209/093455.017:ERROR:process_reader_win.cc(242)] ReadMemory at 0x57a1360720 of 60 bytes failed: Only part of a ReadProcessMemory or WriteProcessMemory request was completed. (0x12B)
[1209/093455.017:ERROR:process_reader_win.cc(242)] ReadMemory at 0x57a13607c0 of 58 bytes failed: Only part of a ReadProcessMemory or WriteProcessMemory request was completed. (0x12B)
[1209/093455.017:ERROR:process_reader_win.cc(242)] ReadMemory at 0x57a13608b0 of 60 bytes failed: Only part of a ReadProcessMemory or WriteProcessMemory request was completed. (0x12B)
[1209/093455.017:ERROR:process_reader_win.cc(242)] ReadMemory at 0x57a1360900 of 58 bytes failed: Only part of a ReadProcessMemory or WriteProcessMemory request was completed. (0x12B)
[1209/093455.017:ERROR:process_reader_win.cc(242)] ReadMemory at 0x57a1360950 of 62 bytes failed: Only part of a ReadProcessMemory or WriteProcessMemory request was completed. (0x12B)
[1209/093455.017:ERROR:process_reader_win.cc(242)] ReadMemory at 0x57a13609a0 of 58 bytes failed: Only part of a ReadProcessMemory or WriteProcessMemory request was completed. (0x12B)
[1209/093455.017:ERROR:process_reader_win.cc(242)] ReadMemory at 0x57a1360a90 of 64 bytes failed: Only part of a ReadProcessMemory or WriteProcessMemory request was completed. (0x12B)
[1209/093455.018:ERROR:process_reader_win.cc(242)] ReadMemory at 0x57a1360ae0 of 60 bytes failed: Only part of a ReadProcessMemory or WriteProcessMemory request was completed. (0x12B)
[1209/093455.018:ERROR:process_reader_win.cc(242)] ReadMemory at 0x57a1360b30 of 64 bytes failed: Only part of a ReadProcessMemory or WriteProcessMemory request was completed. (0x12B)
[1209/093455.018:ERROR:process_reader_win.cc(242)] ReadMemory at 0x57a1360b80 of 64 bytes failed: Only part of a ReadProcessMemory or WriteProcessMemory request was completed. (0x12B)
[1209/093455.018:ERROR:process_reader_win.cc(242)] ReadMemory at 0x57a1360bd0 of 60 bytes failed: Only part of a ReadProcessMemory or WriteProcessMemory request was completed. (0x12B)
[1209/093455.018:ERROR:process_reader_win.cc(242)] ReadMemory at 0x57a1360cc0 of 60 bytes failed: Only part of a ReadProcessMemory or WriteProcessMemory request was completed. (0x12B)
[1209/093455.018:ERROR:process_reader_win.cc(242)] ReadMemory at 0x57a1360d10 of 62 bytes failed: Only part of a ReadProcessMemory or WriteProcessMemory request was completed. (0x12B)
[1209/093455.018:ERROR:process_reader_win.cc(242)] ReadMemory at 0x57a1362880 of 248 bytes failed: Only part of a ReadProcessMemory or WriteProcessMemory request was completed. (0x12B)
[1209/093455.018:ERROR:process_reader_win.cc(242)] ReadMemory at 0x57a1366300 of 132 bytes failed: Only part of a ReadProcessMemory or WriteProcessMemory request was completed. (0x12B)
[1209/093455.018:ERROR:process_reader_win.cc(242)] ReadMemory at 0x57a1366540 of 132 bytes failed: Only part of a ReadProcessMemory or WriteProcessMemory request was completed. (0x12B)
[1209/093455.019:ERROR:process_reader_win.cc(242)] ReadMemory at 0x57a1366660 of 132 bytes failed: Only part of a ReadProcessMemory or WriteProcessMemory request was completed. (0x12B)
[1209/093455.019:ERROR:process_reader_win.cc(242)] ReadMemory at 0x57a1366780 of 132 bytes failed: Only part of a ReadProcessMemory or WriteProcessMemory request was completed. (0x12B)
[1209/093455.019:ERROR:process_reader_win.cc(242)] ReadMemory at 0x57a13668a0 of 132 bytes failed: Only part of a ReadProcessMemory or WriteProcessMemory request was completed. (0x12B)
[1209/093455.019:ERROR:process_reader_win.cc(242)] ReadMemory at 0x57a13669c0 of 132 bytes failed: Only part of a ReadProcessMemory or WriteProcessMemory request was completed. (0x12B)
[1209/093455.019:ERROR:process_reader_win.cc(242)] ReadMemory at 0x57a1366ae0 of 132 bytes failed: Only part of a ReadProcessMemory or WriteProcessMemory request was completed. (0x12B)
[1209/093455.019:ERROR:process_reader_win.cc(242)] ReadMemory at 0x57a1366c00 of 132 bytes failed: Only part of a ReadProcessMemory or WriteProcessMemory request was completed. (0x12B)
[1209/093455.019:ERROR:process_reader_win.cc(242)] ReadMemory at 0x57a1366d20 of 132 bytes failed: Only part of a ReadProcessMemory or WriteProcessMemory request was completed. (0x12B)
[1209/093455.019:ERROR:process_reader_win.cc(242)] ReadMemory at 0x57a1367080 of 132 bytes failed: Only part of a ReadProcessMemory or WriteProcessMemory request was completed. (0x12B)
[1209/093455.020:ERROR:process_reader_win.cc(242)] ReadMemory at 0x57a13672c0 of 132 bytes failed: Only part of a ReadProcessMemory or WriteProcessMemory request was completed. (0x12B)
[1209/093455.020:ERROR:process_reader_win.cc(242)] ReadMemory at 0x57a13673e0 of 132 bytes failed: Only part of a ReadProcessMemory or WriteProcessMemory request was completed. (0x12B)
[1209/093455.020:ERROR:process_reader_win.cc(242)] ReadMemory at 0x57a1367500 of 132 bytes failed: Only part of a ReadProcessMemory or WriteProcessMemory request was completed. (0x12B)
[1209/093455.020:ERROR:process_reader_win.cc(242)] ReadMemory at 0x57a1367620 of 132 bytes failed: Only part of a ReadProcessMemory or WriteProcessMemory request was completed. (0x12B)
[1209/093455.020:ERROR:process_reader_win.cc(242)] ReadMemory at 0x57a1367740 of 132 bytes failed: Only part of a ReadProcessMemory or WriteProcessMemory request was completed. (0x12B)
[1209/093455.020:ERROR:process_reader_win.cc(242)] ReadMemory at 0x57a1367860 of 132 bytes failed: Only part of a ReadProcessMemory or WriteProcessMemory request was completed. (0x12B)
[1209/093455.020:ERROR:process_reader_win.cc(242)] ReadMemory at 0x57a1367980 of 132 bytes failed: Only part of a ReadProcessMemory or WriteProcessMemory request was completed. (0x12B)
[1209/093455.020:ERROR:process_reader_win.cc(242)] ReadMemory at 0x57a1367aa0 of 132 bytes failed: Only part of a ReadProcessMemory or WriteProcessMemory request was completed. (0x12B)
[1209/093455.021:ERROR:process_reader_win.cc(242)] ReadMemory at 0x57a1367bc0 of 132 bytes failed: Only part of a ReadProcessMemory or WriteProcessMemory request was completed. (0x12B)
[1209/093455.021:ERROR:process_reader_win.cc(242)] ReadMemory at 0x57a1367ce0 of 132 bytes failed: Only part of a ReadProcessMemory or WriteProcessMemory request was completed. (0x12B)
[1209/093455.021:ERROR:process_reader_win.cc(242)] ReadMemory at 0x57a1367f20 of 132 bytes failed: Only part of a ReadProcessMemory or WriteProcessMemory request was completed. (0x12B)
[1209/093455.021:ERROR:process_reader_win.cc(242)] ReadMemory at 0x57a1368040 of 132 bytes failed: Only part of a ReadProcessMemory or WriteProcessMemory request was completed. (0x12B)
[1209/093455.021:ERROR:process_reader_win.cc(242)] ReadMemory at 0x57a1371f50 of 512 bytes failed: Only part of a ReadProcessMemory or WriteProcessMemory request was completed. (0x12B)
[1209/093455.021:ERROR:process_reader_win.cc(242)] ReadMemory at 0x57a1373cf0 of 512 bytes failed: Only part of a ReadProcessMemory or WriteProcessMemory request was completed. (0x12B)
[1209/093455.022:ERROR:process_reader_win.cc(242)] ReadMemory at 0x57a1373f50 of 512 bytes failed: Only part of a ReadProcessMemory or WriteProcessMemory request was completed. (0x12B)
[1209/093455.023:ERROR:process_reader_win.cc(242)] ReadMemory at 0x57a16625c0 of 512 bytes failed: Only part of a ReadProcessMemory or WriteProcessMemory request was completed. (0x12B)
[1209/093455.023:ERROR:process_reader_win.cc(242)] ReadMemory at 0x57a1699cd0 of 512 bytes failed: Only part of a ReadProcessMemory or WriteProcessMemory request was completed. (0x12B)
[1209/093455.024:ERROR:process_reader_win.cc(242)] ReadMemory at 0x57a18717d0 of 512 bytes failed: Only part of a ReadProcessMemory or WriteProcessMemory request was completed. (0x12B)
[1209/093455.024:ERROR:process_reader_win.cc(242)] ReadMemory at 0x57a1897498 of 512 bytes failed: Only part of a ReadProcessMemory or WriteProcessMemory request was completed. (0x12B)
[1209/093455.024:ERROR:process_reader_win.cc(242)] ReadMemory at 0x57a1897cd0 of 512 bytes failed: Only part of a ReadProcessMemory or WriteProcessMemory request was completed. (0x12B)
[1209/093455.024:ERROR:process_reader_win.cc(242)] ReadMemory at 0x57a189c3e0 of 512 bytes failed: Only part of a ReadProcessMemory or WriteProcessMemory request was completed. (0x12B)
[1209/093455.024:ERROR:process_reader_win.cc(242)] ReadMemory at 0x57a189fd80 of 512 bytes failed: Only part of a ReadProcessMemory or WriteProcessMemory request was completed. (0x12B)
[1209/093455.024:ERROR:process_reader_win.cc(242)] ReadMemory at 0x57a18ad770 of 688 bytes failed: Only part of a ReadProcessMemory or WriteProcessMemory request was completed. (0x12B)
[1209/093455.024:ERROR:process_reader_win.cc(242)] ReadMemory at 0x57a18b9820 of 512 bytes failed: Only part of a ReadProcessMemory or WriteProcessMemory request was completed. (0x12B)
[1209/093455.024:ERROR:process_reader_win.cc(242)] ReadMemory at 0x57a18ba290 of 512 bytes failed: Only part of a ReadProcessMemory or WriteProcessMemory request was completed. (0x12B)
[1209/093455.024:ERROR:process_reader_win.cc(242)] ReadMemory at 0x57a46c3958 of 512 bytes failed: Only part of a ReadProcessMemory or WriteProcessMemory request was completed. (0x12B)
[1209/093455.024:ERROR:process_reader_win.cc(242)] ReadMemory at 0x57a46d1728 of 512 bytes failed: Only part of a ReadProcessMemory or WriteProcessMemory request was completed. (0x12B)
[1209/093455.024:ERROR:process_reader_win.cc(242)] ReadMemory at 0x57a470b3c0 of 512 bytes failed: Only part of a ReadProcessMemory or WriteProcessMemory request was completed. (0x12B)
[1209/093455.025:ERROR:process_reader_win.cc(242)] ReadMemory at 0x57a488b8f0 of 512 bytes failed: Only part of a ReadProcessMemory or WriteProcessMemory request was completed. (0x12B)
[1209/093455.025:ERROR:process_reader_win.cc(242)] ReadMemory at 0x57a48985a0 of 512 bytes failed: Only part of a ReadProcessMemory or WriteProcessMemory request was completed. (0x12B)
[1209/093455.025:ERROR:process_reader_win.cc(242)] ReadMemory at 0x57a4cb8798 of 512 bytes failed: Only part of a ReadProcessMemory or WriteProcessMemory request was completed. (0x12B)
[1209/093455.025:ERROR:process_reader_win.cc(242)] ReadMemory at 0x57a5654258 of 512 bytes failed: Only part of a ReadProcessMemory or WriteProcessMemory request was completed. (0x12B)
[1209/093455.025:ERROR:process_reader_win.cc(242)] ReadMemory at 0x57a56678f0 of 512 bytes failed: Only part of a ReadProcessMemory or WriteProcessMemory request was completed. (0x12B)
[1209/093455.025:ERROR:process_reader_win.cc(242)] ReadMemory at 0x57a566fd50 of 512 bytes failed: Only part of a ReadProcessMemory or WriteProcessMemory request was completed. (0x12B)
[1209/093455.025:ERROR:process_reader_win.cc(242)] ReadMemory at 0x57a5672640 of 512 bytes failed: Only part of a ReadProcessMemory or WriteProcessMemory request was completed. (0x12B)
[1209/093455.025:ERROR:process_reader_win.cc(242)] ReadMemory at 0x57a5807f90 of 512 bytes failed: Only part of a ReadProcessMemory or WriteProcessMemory request was completed. (0x12B)
[1209/093455.025:ERROR:process_reader_win.cc(242)] ReadMemory at 0x57a580fe08 of 512 bytes failed: Only part of a ReadProcessMemory or WriteProcessMemory request was completed. (0x12B)
[1209/093455.025:ERROR:process_reader_win.cc(242)] ReadMemory at 0x57a5812f18 of 512 bytes failed: Only part of a ReadProcessMemory or WriteProcessMemory request was completed. (0x12B)
[1209/093455.025:ERROR:process_reader_win.cc(242)] ReadMemory at 0x6fa2f320468 of 512 bytes failed: Only part of a ReadProcessMemory or WriteProcessMemory request was completed. (0x12B)
[1209/093455.026:ERROR:process_reader_win.cc(242)] ReadMemory at 0x291cbd7b0000 of 404 bytes failed: Only part of a ReadProcessMemory or WriteProcessMemory request was completed. (0x12B)
[1209/093455.026:ERROR:process_reader_win.cc(242)] ReadMemory at 0x417bf5fd66a8 of 512 bytes failed: Only part of a ReadProcessMemory or WriteProcessMemory request was completed. (0x12B)
[1209/093455.026:ERROR:process_reader_win.cc(242)] ReadMemory at 0x625d6024f690 of 512 bytes failed: Only part of a ReadProcessMemory or WriteProcessMemory request was completed. (0x12B)
[1209/093455.026:ERROR:process_reader_win.cc(242)] ReadMemory at 0x7ff6d651c000 of 6024 bytes failed: Only part of a ReadProcessMemory or WriteProcessMemory request was completed. (0x12B)
[1209/093455.026:ERROR:process_reader_win.cc(242)] ReadMemory at 0x7ff6d651e000 of 6024 bytes failed: Only part of a ReadProcessMemory or WriteProcessMemory request was completed. (0x12B)
[1209/093455.026:ERROR:process_reader_win.cc(242)] ReadMemory at 0x7ff6d6520000 of 6024 bytes failed: Only part of a ReadProcessMemory or WriteProcessMemory request was completed. (0x12B)
[1209/093455.026:ERROR:process_reader_win.cc(242)] ReadMemory at 0x7ff6d6522000 of 6024 bytes failed: Only part of a ReadProcessMemory or WriteProcessMemory request was completed. (0x12B)
[1209/093455.027:ERROR:process_reader_win.cc(242)] ReadMemory at 0x7ff6d6524000 of 6024 bytes failed: Only part of a ReadProcessMemory or WriteProcessMemory request was completed. (0x12B)
[1209/093455.027:ERROR:process_reader_win.cc(242)] ReadMemory at 0x7ff6d6526000 of 6024 bytes failed: Only part of a ReadProcessMemory or WriteProcessMemory request was completed. (0x12B)
[1209/093455.027:ERROR:process_reader_win.cc(242)] ReadMemory at 0x7ff6d6528000 of 6024 bytes failed: Only part of a ReadProcessMemory or WriteProcessMemory request was completed. (0x12B)
[1209/093455.027:ERROR:process_reader_win.cc(242)] ReadMemory at 0x7ff6d652a000 of 6024 bytes failed: Only part of a ReadProcessMemory or WriteProcessMemory request was completed. (0x12B)
[1209/093455.027:ERROR:process_reader_win.cc(242)] ReadMemory at 0x7ff6d652c000 of 6024 bytes failed: Only part of a ReadProcessMemory or WriteProcessMemory request was completed. (0x12B)
[1209/093455.028:ERROR:process_reader_win.cc(242)] ReadMemory at 0x7ff6d652e000 of 6024 bytes failed: Only part of a ReadProcessMemory or WriteProcessMemory request was completed. (0x12B)
[1209/093455.028:ERROR:process_reader_win.cc(242)] ReadMemory at 0x7ff6d6653000 of 6024 bytes failed: Only part of a ReadProcessMemory or WriteProcessMemory request was completed. (0x12B)
[1209/093455.028:ERROR:process_reader_win.cc(242)] ReadMemory at 0x7ff6d6655000 of 6024 bytes failed: Only part of a ReadProcessMemory or WriteProcessMemory request was completed. (0x12B)
[1209/093455.028:ERROR:process_reader_win.cc(242)] ReadMemory at 0x7ff6d6657000 of 6024 bytes failed: Only part of a ReadProcessMemory or WriteProcessMemory request was completed. (0x12B)
[1209/093455.028:ERROR:process_reader_win.cc(242)] ReadMemory at 0x7ff6d6659000 of 6024 bytes failed: Only part of a ReadProcessMemory or WriteProcessMemory request was completed. (0x12B)
[1209/093455.029:ERROR:process_reader_win.cc(242)] ReadMemory at 0x7ff6d665b000 of 6024 bytes failed: Only part of a ReadProcessMemory or WriteProcessMemory request was completed. (0x12B)
[1209/093455.029:ERROR:process_reader_win.cc(242)] ReadMemory at 0x7ff6d665d000 of 6024 bytes failed: Only part of a ReadProcessMemory or WriteProcessMemory request was completed. (0x12B)
[1209/093455.029:ERROR:process_reader_win.cc(242)] ReadMemory at 0x7ff6d665f000 of 852 bytes failed: Only part of a ReadProcessMemory or WriteProcessMemory request was completed. (0x12B)
[1209/093455.029:ERROR:process_reader_win.cc(242)] ReadMemory at 0x7ff8df8f5ba6 of 512 bytes failed: Only part of a ReadProcessMemory or WriteProcessMemory request was completed. (0x12B)
[1209/093455.030:ERROR:process_reader_win.cc(242)] ReadMemory at 0x7ff8e110e550 of 512 bytes failed: Only part of a ReadProcessMemory or WriteProcessMemory request was completed. (0x12B)
[1209/093455.030:ERROR:process_reader_win.cc(242)] ReadMemory at 0x7ff8e1c171c0 of 512 bytes failed: Only part of a ReadProcessMemory or WriteProcessMemory request was completed. (0x12B)
[1209/093455.030:ERROR:process_reader_win.cc(242)] ReadMemory at 0x7ff8e382c900 of 512 bytes failed: Only part of a ReadProcessMemory or WriteProcessMemory request was completed. (0x12B)
[1209/093455.030:ERROR:process_reader_win.cc(242)] ReadMemory at 0x7ff8e43087d0 of 512 bytes failed: Only part of a ReadProcessMemory or WriteProcessMemory request was completed. (0x12B)
[1209/093455.030:ERROR:process_reader_win.cc(242)] ReadMemory at 0x7ff9168c0000 of 384 bytes failed: Only part of a ReadProcessMemory or WriteProcessMemory request was completed. (0x12B)
[1209/093455.030:ERROR:process_reader_win.cc(242)] ReadMemory at 0x7ff917275750 of 512 bytes failed: Only part of a ReadProcessMemory or WriteProcessMemory request was completed. (0x12B)
[1209/093455.030:ERROR:process_reader_win.cc(242)] ReadMemory at 0x7ff9172795d0 of 18 bytes failed: Only part of a ReadProcessMemory or WriteProcessMemory request was completed. (0x12B)
[1209/093455.031:ERROR:process_reader_win.cc(242)] ReadMemory at 0x7ff91728c4d0 of 512 bytes failed: Only part of a ReadProcessMemory or WriteProcessMemory request was completed. (0x12B)
[1209/093455.031:ERROR:process_reader_win.cc(242)] ReadMemory at 0x7ff9172aac70 of 512 bytes failed: Only part of a ReadProcessMemory or WriteProcessMemory request was completed. (0x12B)
[1209/093455.031:ERROR:process_reader_win.cc(242)] ReadMemory at 0x7ff9172ab590 of 512 bytes failed: Only part of a ReadProcessMemory or WriteProcessMemory request was completed. (0x12B)
[1209/093455.031:ERROR:process_reader_win.cc(242)] ReadMemory at 0x7ff91730067a of 592 bytes failed: Only part of a ReadProcessMemory or WriteProcessMemory request was completed. (0x12B)
[1209/093455.031:ERROR:process_reader_win.cc(242)] ReadMemory at 0x7ff91730097a of 512 bytes failed: Only part of a ReadProcessMemory or WriteProcessMemory request was completed. (0x12B)
[1209/093455.031:ERROR:process_reader_win.cc(242)] ReadMemory at 0x7ff9173020fa of 560 bytes failed: Only part of a ReadProcessMemory or WriteProcessMemory request was completed. (0x12B)
[1209/093455.031:ERROR:process_reader_win.cc(242)] ReadMemory at 0x7ff91739e8a8 of 40 bytes failed: Only part of a ReadProcessMemory or WriteProcessMemory request was completed. (0x12B)
[1209/093455.031:ERROR:process_reader_win.cc(242)] ReadMemory at 0x7ff91739ebe0 of 48 bytes failed: Only part of a ReadProcessMemory or WriteProcessMemory request was completed. (0x12B)
[1209/093455.031:ERROR:process_reader_win.cc(242)] ReadMemory at 0x7ff9173a1320 of 64 bytes failed: Only part of a ReadProcessMemory or WriteProcessMemory request was completed. (0x12B)
[1209/093455.034:ERROR:file_io_win.cc(161)] CreateFile C:\Users\Ismaeel\AppData\Local\Temp\scoped_dir34168_26620\Crashpad\settings.dat: The system cannot find the file specified. (0x2)
[1209/093455.034:ERROR:scoped_process_suspend.cc(40)] NtResumeProcess: An attempt was made to access an exiting process. (0xc000010a)
[1209/093503.911:ERROR:process_reader_win.cc(151)] SuspendThread: Access is denied. (0x5)
[1209/093503.921:ERROR:exception_snapshot_win.cc(88)] thread ID 32604 not found in process
[1209/093503.921:ERROR:scoped_process_suspend.cc(40)] NtResumeProcess: An attempt was made to access an exiting process. (0xc000010a)
